This file contains any messages produced by compilers while
running configure, to aid debugging if configure makes a mistake.

It was created by HttpServer configure 0.1, which was
generated by GNU Autoconf 2.63.  Invocation command line was

  $ ./configure 

## --------- ##
## Platform. ##
## --------- ##

hostname = wellshang
uname -m = x86_64
uname -r = 2.6.32-358.el6.x86_64
uname -s = Linux
uname -v = #1 SMP Fri Feb 22 00:31:26 UTC 2013

/usr/bin/uname -p = unknown
/bin/uname -X     = unknown

/bin/arch              = x86_64
/usr/bin/arch -k       = unknown
/usr/convex/getsysinfo = unknown
/usr/bin/hostinfo      = unknown
/bin/machine           = unknown
/usr/bin/oslevel       = unknown
/bin/universe          = unknown

PATH: /usr/local/sbin
PATH: /usr/local/bin
PATH: /sbin
PATH: /bin
PATH: /usr/sbin
PATH: /usr/bin
PATH: /root/bin
PATH: /usr/java/latest/bin
PATH: /usr/java/latest/jre/bin


## ----------- ##
## Core tests. ##
## ----------- ##

configure:1879: checking for a BSD-compatible install
configure:1947: result: /usr/bin/install -c
configure:1958: checking whether build environment is sane
configure:2018: result: yes
configure:2159: checking for a thread-safe mkdir -p
configure:2198: result: /bin/mkdir -p
configure:2211: checking for gawk
configure:2227: found /bin/gawk
configure:2238: result: gawk
configure:2249: checking whether make sets $(MAKE)
configure:2271: result: yes
configure:2416: checking for g++
configure:2432: found /usr/bin/g++
configure:2443: result: g++
configure:2470: checking for C++ compiler version
configure:2478: g++ --version >&5
g++ (GCC) 4.4.7 20120313 (Red Hat 4.4.7-11)
Copyright (C) 2010 Free Software Foundation, Inc.
This is free software; see the source for copying conditions.  There is NO
warranty; not even for MERCHANTABILITY or FITNESS FOR A PARTICULAR PURPOSE.

configure:2482: $? = 0
configure:2489: g++ -v >&5
Using built-in specs.
Target: x86_64-redhat-linux
Configured with: ../configure --prefix=/usr --mandir=/usr/share/man --infodir=/usr/share/info --with-bugurl=http://bugzilla.redhat.com/bugzilla --enable-bootstrap --enable-shared --enable-threads=posix --enable-checking=release --with-system-zlib --enable-__cxa_atexit --disable-libunwind-exceptions --enable-gnu-unique-object --enable-languages=c,c++,objc,obj-c++,java,fortran,ada --enable-java-awt=gtk --disable-dssi --with-java-home=/usr/lib/jvm/java-1.5.0-gcj-1.5.0.0/jre --enable-libgcj-multifile --enable-java-maintainer-mode --with-ecj-jar=/usr/share/java/eclipse-ecj.jar --disable-libjava-multilib --with-ppl --with-cloog --with-tune=generic --with-arch_32=i686 --build=x86_64-redhat-linux
Thread model: posix
gcc version 4.4.7 20120313 (Red Hat 4.4.7-11) (GCC) 
configure:2493: $? = 0
configure:2500: g++ -V >&5
g++: '-V' option must have argument
configure:2504: $? = 1
configure:2527: checking for C++ compiler default output file name
configure:2549: g++    conftest.cpp  >&5
configure:2553: $? = 0
configure:2591: result: a.out
configure:2610: checking whether the C++ compiler works
configure:2620: ./a.out
configure:2624: $? = 0
configure:2643: result: yes
configure:2650: checking whether we are cross compiling
configure:2652: result: no
configure:2655: checking for suffix of executables
configure:2662: g++ -o conftest    conftest.cpp  >&5
configure:2666: $? = 0
configure:2692: result: 
configure:2698: checking for suffix of object files
configure:2724: g++ -c   conftest.cpp >&5
configure:2728: $? = 0
configure:2753: result: o
configure:2757: checking whether we are using the GNU C++ compiler
configure:2786: g++ -c   conftest.cpp >&5
configure:2793: $? = 0
configure:2810: result: yes
configure:2819: checking whether g++ accepts -g
configure:2849: g++ -c -g  conftest.cpp >&5
configure:2856: $? = 0
configure:2957: result: yes
configure:2991: checking for style of include used by make
configure:3019: result: GNU
configure:3044: checking dependency style of g++
configure:3154: result: gcc3
configure:3217: checking for gcc
configure:3233: found /usr/bin/gcc
configure:3244: result: gcc
configure:3476: checking for C compiler version
configure:3484: gcc --version >&5
gcc (GCC) 4.4.7 20120313 (Red Hat 4.4.7-11)
Copyright (C) 2010 Free Software Foundation, Inc.
This is free software; see the source for copying conditions.  There is NO
warranty; not even for MERCHANTABILITY or FITNESS FOR A PARTICULAR PURPOSE.

configure:3488: $? = 0
configure:3495: gcc -v >&5
Using built-in specs.
Target: x86_64-redhat-linux
Configured with: ../configure --prefix=/usr --mandir=/usr/share/man --infodir=/usr/share/info --with-bugurl=http://bugzilla.redhat.com/bugzilla --enable-bootstrap --enable-shared --enable-threads=posix --enable-checking=release --with-system-zlib --enable-__cxa_atexit --disable-libunwind-exceptions --enable-gnu-unique-object --enable-languages=c,c++,objc,obj-c++,java,fortran,ada --enable-java-awt=gtk --disable-dssi --with-java-home=/usr/lib/jvm/java-1.5.0-gcj-1.5.0.0/jre --enable-libgcj-multifile --enable-java-maintainer-mode --with-ecj-jar=/usr/share/java/eclipse-ecj.jar --disable-libjava-multilib --with-ppl --with-cloog --with-tune=generic --with-arch_32=i686 --build=x86_64-redhat-linux
Thread model: posix
gcc version 4.4.7 20120313 (Red Hat 4.4.7-11) (GCC) 
configure:3499: $? = 0
configure:3506: gcc -V >&5
gcc: '-V' option must have argument
configure:3510: $? = 1
configure:3513: checking whether we are using the GNU C compiler
configure:3542: gcc -c   conftest.c >&5
configure:3549: $? = 0
configure:3566: result: yes
configure:3575: checking whether gcc accepts -g
configure:3605: gcc -c -g  conftest.c >&5
configure:3612: $? = 0
configure:3713: result: yes
configure:3730: checking for gcc option to accept ISO C89
configure:3804: gcc  -c -g -O2  conftest.c >&5
configure:3811: $? = 0
configure:3834: result: none needed
configure:3854: checking dependency style of gcc
configure:3964: result: gcc3
configure:3989: checking how to run the C preprocessor
configure:4029: gcc -E  conftest.c
configure:4036: $? = 0
configure:4067: gcc -E  conftest.c
conftest.c:10:28: error: ac_nonexistent.h: No such file or directory
configure:4074: $? = 1
configure: failed program was:
| /* confdefs.h.  */
| #define PACKAGE_NAME "HttpServer"
| #define PACKAGE_TARNAME "httpserver"
| #define PACKAGE_VERSION "0.1"
| #define PACKAGE_STRING "HttpServer 0.1"
| #define PACKAGE_BUGREPORT ""
| #define PACKAGE "HttpServer"
| #define VERSION "0.1"
| /* end confdefs.h.  */
| #include <ac_nonexistent.h>
configure:4107: result: gcc -E
configure:4136: gcc -E  conftest.c
configure:4143: $? = 0
configure:4174: gcc -E  conftest.c
conftest.c:10:28: error: ac_nonexistent.h: No such file or directory
configure:4181: $? = 1
configure: failed program was:
| /* confdefs.h.  */
| #define PACKAGE_NAME "HttpServer"
| #define PACKAGE_TARNAME "httpserver"
| #define PACKAGE_VERSION "0.1"
| #define PACKAGE_STRING "HttpServer 0.1"
| #define PACKAGE_BUGREPORT ""
| #define PACKAGE "HttpServer"
| #define VERSION "0.1"
| /* end confdefs.h.  */
| #include <ac_nonexistent.h>
configure:4221: checking for grep that handles long lines and -e
configure:4281: result: /bin/grep
configure:4286: checking for egrep
configure:4350: result: /bin/grep -E
configure:4355: checking for ANSI C header files
configure:4385: gcc -c -g -O2  conftest.c >&5
configure:4392: $? = 0
configure:4491: gcc -o conftest -g -O2   conftest.c  >&5
configure:4495: $? = 0
configure:4501: ./conftest
configure:4505: $? = 0
configure:4523: result: yes
configure:4547: checking for sys/types.h
configure:4568: gcc -c -g -O2  conftest.c >&5
configure:4575: $? = 0
configure:4592: result: yes
configure:4547: checking for sys/stat.h
configure:4568: gcc -c -g -O2  conftest.c >&5
configure:4575: $? = 0
configure:4592: result: yes
configure:4547: checking for stdlib.h
configure:4568: gcc -c -g -O2  conftest.c >&5
configure:4575: $? = 0
configure:4592: result: yes
configure:4547: checking for string.h
configure:4568: gcc -c -g -O2  conftest.c >&5
configure:4575: $? = 0
configure:4592: result: yes
configure:4547: checking for memory.h
configure:4568: gcc -c -g -O2  conftest.c >&5
configure:4575: $? = 0
configure:4592: result: yes
configure:4547: checking for strings.h
configure:4568: gcc -c -g -O2  conftest.c >&5
configure:4575: $? = 0
configure:4592: result: yes
configure:4547: checking for inttypes.h
configure:4568: gcc -c -g -O2  conftest.c >&5
configure:4575: $? = 0
configure:4592: result: yes
configure:4547: checking for stdint.h
configure:4568: gcc -c -g -O2  conftest.c >&5
configure:4575: $? = 0
configure:4592: result: yes
configure:4547: checking for unistd.h
configure:4568: gcc -c -g -O2  conftest.c >&5
configure:4575: $? = 0
configure:4592: result: yes
configure:4633: checking arpa/inet.h usability
configure:4650: gcc -c -g -O2  conftest.c >&5
configure:4657: $? = 0
configure:4671: result: yes
configure:4675: checking arpa/inet.h presence
configure:4690: gcc -E  conftest.c
configure:4697: $? = 0
configure:4711: result: yes
configure:4739: checking for arpa/inet.h
configure:4748: result: yes
configure:4633: checking fcntl.h usability
configure:4650: gcc -c -g -O2  conftest.c >&5
configure:4657: $? = 0
configure:4671: result: yes
configure:4675: checking fcntl.h presence
configure:4690: gcc -E  conftest.c
configure:4697: $? = 0
configure:4711: result: yes
configure:4739: checking for fcntl.h
configure:4748: result: yes
configure:4622: checking for inttypes.h
configure:4629: result: yes
configure:4633: checking limits.h usability
configure:4650: gcc -c -g -O2  conftest.c >&5
configure:4657: $? = 0
configure:4671: result: yes
configure:4675: checking limits.h presence
configure:4690: gcc -E  conftest.c
configure:4697: $? = 0
configure:4711: result: yes
configure:4739: checking for limits.h
configure:4748: result: yes
configure:4633: checking netdb.h usability
configure:4650: gcc -c -g -O2  conftest.c >&5
configure:4657: $? = 0
configure:4671: result: yes
configure:4675: checking netdb.h presence
configure:4690: gcc -E  conftest.c
configure:4697: $? = 0
configure:4711: result: yes
configure:4739: checking for netdb.h
configure:4748: result: yes
configure:4633: checking netinet/in.h usability
configure:4650: gcc -c -g -O2  conftest.c >&5
configure:4657: $? = 0
configure:4671: result: yes
configure:4675: checking netinet/in.h presence
configure:4690: gcc -E  conftest.c
configure:4697: $? = 0
configure:4711: result: yes
configure:4739: checking for netinet/in.h
configure:4748: result: yes
configure:4633: checking stddef.h usability
configure:4650: gcc -c -g -O2  conftest.c >&5
configure:4657: $? = 0
configure:4671: result: yes
configure:4675: checking stddef.h presence
configure:4690: gcc -E  conftest.c
configure:4697: $? = 0
configure:4711: result: yes
configure:4739: checking for stddef.h
configure:4748: result: yes
configure:4622: checking for stdlib.h
configure:4629: result: yes
configure:4622: checking for string.h
configure:4629: result: yes
configure:4633: checking sys/socket.h usability
configure:4650: gcc -c -g -O2  conftest.c >&5
configure:4657: $? = 0
configure:4671: result: yes
configure:4675: checking sys/socket.h presence
configure:4690: gcc -E  conftest.c
configure:4697: $? = 0
configure:4711: result: yes
configure:4739: checking for sys/socket.h
configure:4748: result: yes
configure:4633: checking sys/time.h usability
configure:4650: gcc -c -g -O2  conftest.c >&5
configure:4657: $? = 0
configure:4671: result: yes
configure:4675: checking sys/time.h presence
configure:4690: gcc -E  conftest.c
configure:4697: $? = 0
configure:4711: result: yes
configure:4739: checking for sys/time.h
configure:4748: result: yes
configure:4622: checking for unistd.h
configure:4629: result: yes
configure:4766: checking for int64_t
configure:4797: gcc -c -g -O2  conftest.c >&5
configure:4804: $? = 0
configure:4833: gcc -c -g -O2  conftest.c >&5
conftest.c: In function 'main':
conftest.c:69: warning: integer overflow in expression
conftest.c:69: error: size of array 'test_array' is negative
configure:4840: $? = 1
configure: failed program was:
| /* confdefs.h.  */
| #define PACKAGE_NAME "HttpServer"
| #define PACKAGE_TARNAME "httpserver"
| #define PACKAGE_VERSION "0.1"
| #define PACKAGE_STRING "HttpServer 0.1"
| #define PACKAGE_BUGREPORT ""
| #define PACKAGE "HttpServer"
| #define VERSION "0.1"
| #define STDC_HEADERS 1
| #define HAVE_SYS_TYPES_H 1
| #define HAVE_SYS_STAT_H 1
| #define HAVE_STDLIB_H 1
| #define HAVE_STRING_H 1
| #define HAVE_MEMORY_H 1
| #define HAVE_STRINGS_H 1
| #define HAVE_INTTYPES_H 1
| #define HAVE_STDINT_H 1
| #define HAVE_UNISTD_H 1
| #define HAVE_ARPA_INET_H 1
| #define HAVE_FCNTL_H 1
| #define HAVE_INTTYPES_H 1
| #define HAVE_LIMITS_H 1
| #define HAVE_NETDB_H 1
| #define HAVE_NETINET_IN_H 1
| #define HAVE_STDDEF_H 1
| #define HAVE_STDLIB_H 1
| #define HAVE_STRING_H 1
| #define HAVE_SYS_SOCKET_H 1
| #define HAVE_SYS_TIME_H 1
| #define HAVE_UNISTD_H 1
| /* end confdefs.h.  */
| #include <stdio.h>
| #ifdef HAVE_SYS_TYPES_H
| # include <sys/types.h>
| #endif
| #ifdef HAVE_SYS_STAT_H
| # include <sys/stat.h>
| #endif
| #ifdef STDC_HEADERS
| # include <stdlib.h>
| # include <stddef.h>
| #else
| # ifdef HAVE_STDLIB_H
| #  include <stdlib.h>
| # endif
| #endif
| #ifdef HAVE_STRING_H
| # if !defined STDC_HEADERS && defined HAVE_MEMORY_H
| #  include <memory.h>
| # endif
| # include <string.h>
| #endif
| #ifdef HAVE_STRINGS_H
| # include <strings.h>
| #endif
| #ifdef HAVE_INTTYPES_H
| # include <inttypes.h>
| #endif
| #ifdef HAVE_STDINT_H
| # include <stdint.h>
| #endif
| #ifdef HAVE_UNISTD_H
| # include <unistd.h>
| #endif
| int
| main ()
| {
| static int test_array [1 - 2 * !((int64_t) ((((int64_t) 1 << (64 - 2)) - 1) * 2 + 1)
| 		 < (int64_t) ((((int64_t) 1 << (64 - 2)) - 1) * 2 + 2))];
| test_array [0] = 0
| 
|   ;
|   return 0;
| }
configure:4869: result: yes
configure:4881: checking for pid_t
configure:4909: gcc -c -g -O2  conftest.c >&5
configure:4916: $? = 0
configure:4943: gcc -c -g -O2  conftest.c >&5
conftest.c: In function 'main':
conftest.c:68: error: expected expression before ')' token
configure:4950: $? = 1
configure: failed program was:
| /* confdefs.h.  */
| #define PACKAGE_NAME "HttpServer"
| #define PACKAGE_TARNAME "httpserver"
| #define PACKAGE_VERSION "0.1"
| #define PACKAGE_STRING "HttpServer 0.1"
| #define PACKAGE_BUGREPORT ""
| #define PACKAGE "HttpServer"
| #define VERSION "0.1"
| #define STDC_HEADERS 1
| #define HAVE_SYS_TYPES_H 1
| #define HAVE_SYS_STAT_H 1
| #define HAVE_STDLIB_H 1
| #define HAVE_STRING_H 1
| #define HAVE_MEMORY_H 1
| #define HAVE_STRINGS_H 1
| #define HAVE_INTTYPES_H 1
| #define HAVE_STDINT_H 1
| #define HAVE_UNISTD_H 1
| #define HAVE_ARPA_INET_H 1
| #define HAVE_FCNTL_H 1
| #define HAVE_INTTYPES_H 1
| #define HAVE_LIMITS_H 1
| #define HAVE_NETDB_H 1
| #define HAVE_NETINET_IN_H 1
| #define HAVE_STDDEF_H 1
| #define HAVE_STDLIB_H 1
| #define HAVE_STRING_H 1
| #define HAVE_SYS_SOCKET_H 1
| #define HAVE_SYS_TIME_H 1
| #define HAVE_UNISTD_H 1
| /* end confdefs.h.  */
| #include <stdio.h>
| #ifdef HAVE_SYS_TYPES_H
| # include <sys/types.h>
| #endif
| #ifdef HAVE_SYS_STAT_H
| # include <sys/stat.h>
| #endif
| #ifdef STDC_HEADERS
| # include <stdlib.h>
| # include <stddef.h>
| #else
| # ifdef HAVE_STDLIB_H
| #  include <stdlib.h>
| # endif
| #endif
| #ifdef HAVE_STRING_H
| # if !defined STDC_HEADERS && defined HAVE_MEMORY_H
| #  include <memory.h>
| # endif
| # include <string.h>
| #endif
| #ifdef HAVE_STRINGS_H
| # include <strings.h>
| #endif
| #ifdef HAVE_INTTYPES_H
| # include <inttypes.h>
| #endif
| #ifdef HAVE_STDINT_H
| # include <stdint.h>
| #endif
| #ifdef HAVE_UNISTD_H
| # include <unistd.h>
| #endif
| int
| main ()
| {
| if (sizeof ((pid_t)))
| 	  return 0;
|   ;
|   return 0;
| }
configure:4973: result: yes
configure:4985: checking for size_t
configure:5013: gcc -c -g -O2  conftest.c >&5
configure:5020: $? = 0
configure:5047: gcc -c -g -O2  conftest.c >&5
conftest.c: In function 'main':
conftest.c:68: error: expected expression before ')' token
configure:5054: $? = 1
configure: failed program was:
| /* confdefs.h.  */
| #define PACKAGE_NAME "HttpServer"
| #define PACKAGE_TARNAME "httpserver"
| #define PACKAGE_VERSION "0.1"
| #define PACKAGE_STRING "HttpServer 0.1"
| #define PACKAGE_BUGREPORT ""
| #define PACKAGE "HttpServer"
| #define VERSION "0.1"
| #define STDC_HEADERS 1
| #define HAVE_SYS_TYPES_H 1
| #define HAVE_SYS_STAT_H 1
| #define HAVE_STDLIB_H 1
| #define HAVE_STRING_H 1
| #define HAVE_MEMORY_H 1
| #define HAVE_STRINGS_H 1
| #define HAVE_INTTYPES_H 1
| #define HAVE_STDINT_H 1
| #define HAVE_UNISTD_H 1
| #define HAVE_ARPA_INET_H 1
| #define HAVE_FCNTL_H 1
| #define HAVE_INTTYPES_H 1
| #define HAVE_LIMITS_H 1
| #define HAVE_NETDB_H 1
| #define HAVE_NETINET_IN_H 1
| #define HAVE_STDDEF_H 1
| #define HAVE_STDLIB_H 1
| #define HAVE_STRING_H 1
| #define HAVE_SYS_SOCKET_H 1
| #define HAVE_SYS_TIME_H 1
| #define HAVE_UNISTD_H 1
| /* end confdefs.h.  */
| #include <stdio.h>
| #ifdef HAVE_SYS_TYPES_H
| # include <sys/types.h>
| #endif
| #ifdef HAVE_SYS_STAT_H
| # include <sys/stat.h>
| #endif
| #ifdef STDC_HEADERS
| # include <stdlib.h>
| # include <stddef.h>
| #else
| # ifdef HAVE_STDLIB_H
| #  include <stdlib.h>
| # endif
| #endif
| #ifdef HAVE_STRING_H
| # if !defined STDC_HEADERS && defined HAVE_MEMORY_H
| #  include <memory.h>
| # endif
| # include <string.h>
| #endif
| #ifdef HAVE_STRINGS_H
| # include <strings.h>
| #endif
| #ifdef HAVE_INTTYPES_H
| # include <inttypes.h>
| #endif
| #ifdef HAVE_STDINT_H
| # include <stdint.h>
| #endif
| #ifdef HAVE_UNISTD_H
| # include <unistd.h>
| #endif
| int
| main ()
| {
| if (sizeof ((size_t)))
| 	  return 0;
|   ;
|   return 0;
| }
configure:5077: result: yes
configure:5089: checking for ssize_t
configure:5117: gcc -c -g -O2  conftest.c >&5
configure:5124: $? = 0
configure:5151: gcc -c -g -O2  conftest.c >&5
conftest.c: In function 'main':
conftest.c:68: error: expected expression before ')' token
configure:5158: $? = 1
configure: failed program was:
| /* confdefs.h.  */
| #define PACKAGE_NAME "HttpServer"
| #define PACKAGE_TARNAME "httpserver"
| #define PACKAGE_VERSION "0.1"
| #define PACKAGE_STRING "HttpServer 0.1"
| #define PACKAGE_BUGREPORT ""
| #define PACKAGE "HttpServer"
| #define VERSION "0.1"
| #define STDC_HEADERS 1
| #define HAVE_SYS_TYPES_H 1
| #define HAVE_SYS_STAT_H 1
| #define HAVE_STDLIB_H 1
| #define HAVE_STRING_H 1
| #define HAVE_MEMORY_H 1
| #define HAVE_STRINGS_H 1
| #define HAVE_INTTYPES_H 1
| #define HAVE_STDINT_H 1
| #define HAVE_UNISTD_H 1
| #define HAVE_ARPA_INET_H 1
| #define HAVE_FCNTL_H 1
| #define HAVE_INTTYPES_H 1
| #define HAVE_LIMITS_H 1
| #define HAVE_NETDB_H 1
| #define HAVE_NETINET_IN_H 1
| #define HAVE_STDDEF_H 1
| #define HAVE_STDLIB_H 1
| #define HAVE_STRING_H 1
| #define HAVE_SYS_SOCKET_H 1
| #define HAVE_SYS_TIME_H 1
| #define HAVE_UNISTD_H 1
| /* end confdefs.h.  */
| #include <stdio.h>
| #ifdef HAVE_SYS_TYPES_H
| # include <sys/types.h>
| #endif
| #ifdef HAVE_SYS_STAT_H
| # include <sys/stat.h>
| #endif
| #ifdef STDC_HEADERS
| # include <stdlib.h>
| # include <stddef.h>
| #else
| # ifdef HAVE_STDLIB_H
| #  include <stdlib.h>
| # endif
| #endif
| #ifdef HAVE_STRING_H
| # if !defined STDC_HEADERS && defined HAVE_MEMORY_H
| #  include <memory.h>
| # endif
| # include <string.h>
| #endif
| #ifdef HAVE_STRINGS_H
| # include <strings.h>
| #endif
| #ifdef HAVE_INTTYPES_H
| # include <inttypes.h>
| #endif
| #ifdef HAVE_STDINT_H
| # include <stdint.h>
| #endif
| #ifdef HAVE_UNISTD_H
| # include <unistd.h>
| #endif
| int
| main ()
| {
| if (sizeof ((ssize_t)))
| 	  return 0;
|   ;
|   return 0;
| }
configure:5181: result: yes
configure:5194: checking for uint16_t
configure:5225: gcc -c -g -O2  conftest.c >&5
configure:5232: $? = 0
configure:5253: result: yes
configure:5267: checking for uint32_t
configure:5298: gcc -c -g -O2  conftest.c >&5
configure:5305: $? = 0
configure:5326: result: yes
configure:5344: checking for uint64_t
configure:5375: gcc -c -g -O2  conftest.c >&5
configure:5382: $? = 0
configure:5403: result: yes
configure:5421: checking for uint8_t
configure:5452: gcc -c -g -O2  conftest.c >&5
configure:5459: $? = 0
configure:5480: result: yes
configure:5515: checking vfork.h usability
configure:5532: gcc -c -g -O2  conftest.c >&5
conftest.c:65:19: error: vfork.h: No such file or directory
configure:5539: $? = 1
configure: failed program was:
| /* confdefs.h.  */
| #define PACKAGE_NAME "HttpServer"
| #define PACKAGE_TARNAME "httpserver"
| #define PACKAGE_VERSION "0.1"
| #define PACKAGE_STRING "HttpServer 0.1"
| #define PACKAGE_BUGREPORT ""
| #define PACKAGE "HttpServer"
| #define VERSION "0.1"
| #define STDC_HEADERS 1
| #define HAVE_SYS_TYPES_H 1
| #define HAVE_SYS_STAT_H 1
| #define HAVE_STDLIB_H 1
| #define HAVE_STRING_H 1
| #define HAVE_MEMORY_H 1
| #define HAVE_STRINGS_H 1
| #define HAVE_INTTYPES_H 1
| #define HAVE_STDINT_H 1
| #define HAVE_UNISTD_H 1
| #define HAVE_ARPA_INET_H 1
| #define HAVE_FCNTL_H 1
| #define HAVE_INTTYPES_H 1
| #define HAVE_LIMITS_H 1
| #define HAVE_NETDB_H 1
| #define HAVE_NETINET_IN_H 1
| #define HAVE_STDDEF_H 1
| #define HAVE_STDLIB_H 1
| #define HAVE_STRING_H 1
| #define HAVE_SYS_SOCKET_H 1
| #define HAVE_SYS_TIME_H 1
| #define HAVE_UNISTD_H 1
| /* end confdefs.h.  */
| #include <stdio.h>
| #ifdef HAVE_SYS_TYPES_H
| # include <sys/types.h>
| #endif
| #ifdef HAVE_SYS_STAT_H
| # include <sys/stat.h>
| #endif
| #ifdef STDC_HEADERS
| # include <stdlib.h>
| # include <stddef.h>
| #else
| # ifdef HAVE_STDLIB_H
| #  include <stdlib.h>
| # endif
| #endif
| #ifdef HAVE_STRING_H
| # if !defined STDC_HEADERS && defined HAVE_MEMORY_H
| #  include <memory.h>
| # endif
| # include <string.h>
| #endif
| #ifdef HAVE_STRINGS_H
| # include <strings.h>
| #endif
| #ifdef HAVE_INTTYPES_H
| # include <inttypes.h>
| #endif
| #ifdef HAVE_STDINT_H
| # include <stdint.h>
| #endif
| #ifdef HAVE_UNISTD_H
| # include <unistd.h>
| #endif
| #include <vfork.h>
configure:5553: result: no
configure:5557: checking vfork.h presence
configure:5572: gcc -E  conftest.c
conftest.c:32:19: error: vfork.h: No such file or directory
configure:5579: $? = 1
configure: failed program was:
| /* confdefs.h.  */
| #define PACKAGE_NAME "HttpServer"
| #define PACKAGE_TARNAME "httpserver"
| #define PACKAGE_VERSION "0.1"
| #define PACKAGE_STRING "HttpServer 0.1"
| #define PACKAGE_BUGREPORT ""
| #define PACKAGE "HttpServer"
| #define VERSION "0.1"
| #define STDC_HEADERS 1
| #define HAVE_SYS_TYPES_H 1
| #define HAVE_SYS_STAT_H 1
| #define HAVE_STDLIB_H 1
| #define HAVE_STRING_H 1
| #define HAVE_MEMORY_H 1
| #define HAVE_STRINGS_H 1
| #define HAVE_INTTYPES_H 1
| #define HAVE_STDINT_H 1
| #define HAVE_UNISTD_H 1
| #define HAVE_ARPA_INET_H 1
| #define HAVE_FCNTL_H 1
| #define HAVE_INTTYPES_H 1
| #define HAVE_LIMITS_H 1
| #define HAVE_NETDB_H 1
| #define HAVE_NETINET_IN_H 1
| #define HAVE_STDDEF_H 1
| #define HAVE_STDLIB_H 1
| #define HAVE_STRING_H 1
| #define HAVE_SYS_SOCKET_H 1
| #define HAVE_SYS_TIME_H 1
| #define HAVE_UNISTD_H 1
| /* end confdefs.h.  */
| #include <vfork.h>
configure:5593: result: no
configure:5621: checking for vfork.h
configure:5630: result: no
configure:5650: checking for fork
configure:5706: gcc -o conftest -g -O2   conftest.c  >&5
conftest.c:55: warning: conflicting types for built-in function 'fork'
configure:5713: $? = 0
configure:5735: result: yes
configure:5650: checking for vfork
configure:5706: gcc -o conftest -g -O2   conftest.c  >&5
configure:5713: $? = 0
configure:5735: result: yes
configure:5748: checking for working fork
configure:5780: gcc -o conftest -g -O2   conftest.c  >&5
configure:5784: $? = 0
configure:5790: ./conftest
configure:5794: $? = 0
configure:5811: result: yes
configure:5832: checking for working vfork
configure:5973: result: yes
configure:6009: checking for stdlib.h
configure:6016: result: yes
configure:6150: checking for GNU libc compatible malloc
configure:6184: gcc -o conftest -g -O2   conftest.c  >&5
configure:6188: $? = 0
configure:6194: ./conftest
configure:6198: $? = 0
configure:6215: result: yes
configure:6249: checking for stdlib.h
configure:6256: result: yes
configure:6249: checking for unistd.h
configure:6256: result: yes
configure:6394: checking for getpagesize
configure:6450: gcc -o conftest -g -O2   conftest.c  >&5
configure:6457: $? = 0
configure:6479: result: yes
configure:6491: checking for working mmap
configure:6638: gcc -o conftest -g -O2   conftest.c  >&5
configure:6642: $? = 0
configure:6648: ./conftest
configure:6652: $? = 0
configure:6669: result: yes
configure:6701: checking for dup2
configure:6757: gcc -o conftest -g -O2   conftest.c  >&5
configure:6764: $? = 0
configure:6786: result: yes
configure:6701: checking for getcwd
configure:6757: gcc -o conftest -g -O2   conftest.c  >&5
configure:6764: $? = 0
configure:6786: result: yes
configure:6701: checking for gethostbyname
configure:6757: gcc -o conftest -g -O2   conftest.c  >&5
configure:6764: $? = 0
configure:6786: result: yes
configure:6701: checking for inet_ntoa
configure:6757: gcc -o conftest -g -O2   conftest.c  >&5
configure:6764: $? = 0
configure:6786: result: yes
configure:6701: checking for memchr
configure:6757: gcc -o conftest -g -O2   conftest.c  >&5
conftest.c:69: warning: conflicting types for built-in function 'memchr'
configure:6764: $? = 0
configure:6786: result: yes
configure:6701: checking for memmove
configure:6757: gcc -o conftest -g -O2   conftest.c  >&5
conftest.c:70: warning: conflicting types for built-in function 'memmove'
configure:6764: $? = 0
configure:6786: result: yes
configure:6701: checking for memset
configure:6757: gcc -o conftest -g -O2   conftest.c  >&5
conftest.c:71: warning: conflicting types for built-in function 'memset'
configure:6764: $? = 0
configure:6786: result: yes
configure:6701: checking for mkdir
configure:6757: gcc -o conftest -g -O2   conftest.c  >&5
configure:6764: $? = 0
configure:6786: result: yes
configure:6701: checking for munmap
configure:6757: gcc -o conftest -g -O2   conftest.c  >&5
configure:6764: $? = 0
configure:6786: result: yes
configure:6701: checking for rmdir
configure:6757: gcc -o conftest -g -O2   conftest.c  >&5
configure:6764: $? = 0
configure:6786: result: yes
configure:6701: checking for select
configure:6757: gcc -o conftest -g -O2   conftest.c  >&5
configure:6764: $? = 0
configure:6786: result: yes
configure:6701: checking for socket
configure:6757: gcc -o conftest -g -O2   conftest.c  >&5
configure:6764: $? = 0
configure:6786: result: yes
configure:6701: checking for strchr
configure:6757: gcc -o conftest -g -O2   conftest.c  >&5
conftest.c:77: warning: conflicting types for built-in function 'strchr'
configure:6764: $? = 0
configure:6786: result: yes
configure:6701: checking for strcspn
configure:6757: gcc -o conftest -g -O2   conftest.c  >&5
conftest.c:78: warning: conflicting types for built-in function 'strcspn'
configure:6764: $? = 0
configure:6786: result: yes
configure:6701: checking for strdup
configure:6757: gcc -o conftest -g -O2   conftest.c  >&5
conftest.c:79: warning: conflicting types for built-in function 'strdup'
configure:6764: $? = 0
configure:6786: result: yes
configure:6701: checking for strerror
configure:6757: gcc -o conftest -g -O2   conftest.c  >&5
configure:6764: $? = 0
configure:6786: result: yes
configure:6701: checking for strrchr
configure:6757: gcc -o conftest -g -O2   conftest.c  >&5
conftest.c:81: warning: conflicting types for built-in function 'strrchr'
configure:6764: $? = 0
configure:6786: result: yes
configure:6701: checking for strspn
configure:6757: gcc -o conftest -g -O2   conftest.c  >&5
conftest.c:82: warning: conflicting types for built-in function 'strspn'
configure:6764: $? = 0
configure:6786: result: yes
configure:6932: creating ./config.status

## ---------------------- ##
## Running config.status. ##
## ---------------------- ##

This file was extended by HttpServer config.status 0.1, which was
generated by GNU Autoconf 2.63.  Invocation command line was

  CONFIG_FILES    = 
  CONFIG_HEADERS  = 
  CONFIG_LINKS    = 
  CONFIG_COMMANDS = 
  $ ./config.status 

on wellshang

config.status:817: creating Makefile
config.status:817: creating config.h
config.status:1039: config.h is unchanged
config.status:1091: executing depfiles commands

## ---------------- ##
## Cache variables. ##
## ---------------- ##

ac_cv_c_compiler_gnu=yes
ac_cv_c_int64_t=yes
ac_cv_c_uint16_t=yes
ac_cv_c_uint32_t=yes
ac_cv_c_uint64_t=yes
ac_cv_c_uint8_t=yes
ac_cv_cxx_compiler_gnu=yes
ac_cv_env_CCC_set=
ac_cv_env_CCC_value=
ac_cv_env_CC_set=
ac_cv_env_CC_value=
ac_cv_env_CFLAGS_set=
ac_cv_env_CFLAGS_value=
ac_cv_env_CPPFLAGS_set=
ac_cv_env_CPPFLAGS_value=
ac_cv_env_CPP_set=
ac_cv_env_CPP_value=
ac_cv_env_CXXFLAGS_set=
ac_cv_env_CXXFLAGS_value=
ac_cv_env_CXX_set=
ac_cv_env_CXX_value=
ac_cv_env_LDFLAGS_set=
ac_cv_env_LDFLAGS_value=
ac_cv_env_LIBS_set=
ac_cv_env_LIBS_value=
ac_cv_env_build_alias_set=
ac_cv_env_build_alias_value=
ac_cv_env_host_alias_set=
ac_cv_env_host_alias_value=
ac_cv_env_target_alias_set=
ac_cv_env_target_alias_value=
ac_cv_func_dup2=yes
ac_cv_func_fork=yes
ac_cv_func_fork_works=yes
ac_cv_func_getcwd=yes
ac_cv_func_gethostbyname=yes
ac_cv_func_getpagesize=yes
ac_cv_func_inet_ntoa=yes
ac_cv_func_malloc_0_nonnull=yes
ac_cv_func_memchr=yes
ac_cv_func_memmove=yes
ac_cv_func_memset=yes
ac_cv_func_mkdir=yes
ac_cv_func_mmap_fixed_mapped=yes
ac_cv_func_munmap=yes
ac_cv_func_rmdir=yes
ac_cv_func_select=yes
ac_cv_func_socket=yes
ac_cv_func_strchr=yes
ac_cv_func_strcspn=yes
ac_cv_func_strdup=yes
ac_cv_func_strerror=yes
ac_cv_func_strrchr=yes
ac_cv_func_strspn=yes
ac_cv_func_vfork=yes
ac_cv_func_vfork_works=yes
ac_cv_header_arpa_inet_h=yes
ac_cv_header_fcntl_h=yes
ac_cv_header_inttypes_h=yes
ac_cv_header_limits_h=yes
ac_cv_header_memory_h=yes
ac_cv_header_netdb_h=yes
ac_cv_header_netinet_in_h=yes
ac_cv_header_stdc=yes
ac_cv_header_stddef_h=yes
ac_cv_header_stdint_h=yes
ac_cv_header_stdlib_h=yes
ac_cv_header_string_h=yes
ac_cv_header_strings_h=yes
ac_cv_header_sys_socket_h=yes
ac_cv_header_sys_stat_h=yes
ac_cv_header_sys_time_h=yes
ac_cv_header_sys_types_h=yes
ac_cv_header_unistd_h=yes
ac_cv_header_vfork_h=no
ac_cv_objext=o
ac_cv_path_EGREP='/bin/grep -E'
ac_cv_path_GREP=/bin/grep
ac_cv_path_install='/usr/bin/install -c'
ac_cv_path_mkdir=/bin/mkdir
ac_cv_prog_AWK=gawk
ac_cv_prog_CPP='gcc -E'
ac_cv_prog_ac_ct_CC=gcc
ac_cv_prog_ac_ct_CXX=g++
ac_cv_prog_cc_c89=
ac_cv_prog_cc_g=yes
ac_cv_prog_cxx_g=yes
ac_cv_prog_make_make_set=yes
ac_cv_type_pid_t=yes
ac_cv_type_size_t=yes
ac_cv_type_ssize_t=yes
am_cv_CC_dependencies_compiler_type=gcc3
am_cv_CXX_dependencies_compiler_type=gcc3

## ----------------- ##
## Output variables. ##
## ----------------- ##

ACLOCAL='${SHELL} /root/workspace/HttpServer/src/missing --run aclocal-1.11'
AMDEPBACKSLASH='\'
AMDEP_FALSE='#'
AMDEP_TRUE=''
AMTAR='${SHELL} /root/workspace/HttpServer/src/missing --run tar'
AUTOCONF='${SHELL} /root/workspace/HttpServer/src/missing --run autoconf'
AUTOHEADER='${SHELL} /root/workspace/HttpServer/src/missing --run autoheader'
AUTOMAKE='${SHELL} /root/workspace/HttpServer/src/missing --run automake-1.11'
AWK='gawk'
CC='gcc'
CCDEPMODE='depmode=gcc3'
CFLAGS='-g -O2'
CPP='gcc -E'
CPPFLAGS=''
CXX='g++'
CXXDEPMODE='depmode=gcc3'
CXXFLAGS='-g -O2'
CYGPATH_W='echo'
DEFS='-DHAVE_CONFIG_H'
DEPDIR='.deps'
ECHO_C=''
ECHO_N='-n'
ECHO_T=''
EGREP='/bin/grep -E'
EXEEXT=''
GREP='/bin/grep'
INSTALL_DATA='${INSTALL} -m 644'
INSTALL_PROGRAM='${INSTALL}'
INSTALL_SCRIPT='${INSTALL}'
INSTALL_STRIP_PROGRAM='$(install_sh) -c -s'
LDFLAGS=''
LIBOBJS=''
LIBS=''
LTLIBOBJS=''
MAKEINFO='${SHELL} /root/workspace/HttpServer/src/missing --run makeinfo'
MKDIR_P='/bin/mkdir -p'
OBJEXT='o'
PACKAGE='HttpServer'
PACKAGE_BUGREPORT=''
PACKAGE_NAME='HttpServer'
PACKAGE_STRING='HttpServer 0.1'
PACKAGE_TARNAME='httpserver'
PACKAGE_VERSION='0.1'
PATH_SEPARATOR=':'
SET_MAKE=''
SHELL='/bin/sh'
STRIP=''
VERSION='0.1'
ac_ct_CC='gcc'
ac_ct_CXX='g++'
am__EXEEXT_FALSE=''
am__EXEEXT_TRUE='#'
am__fastdepCC_FALSE='#'
am__fastdepCC_TRUE=''
am__fastdepCXX_FALSE='#'
am__fastdepCXX_TRUE=''
am__include='include'
am__isrc=''
am__leading_dot='.'
am__quote=''
am__tar='${AMTAR} chof - "$$tardir"'
am__untar='${AMTAR} xf -'
bindir='${exec_prefix}/bin'
build_alias=''
datadir='${datarootdir}'
datarootdir='${prefix}/share'
docdir='${datarootdir}/doc/${PACKAGE_TARNAME}'
dvidir='${docdir}'
exec_prefix='${prefix}'
host_alias=''
htmldir='${docdir}'
includedir='${prefix}/include'
infodir='${datarootdir}/info'
install_sh='${SHELL} /root/workspace/HttpServer/src/install-sh'
libdir='${exec_prefix}/lib'
libexecdir='${exec_prefix}/libexec'
localedir='${datarootdir}/locale'
localstatedir='${prefix}/var'
mandir='${datarootdir}/man'
mkdir_p='/bin/mkdir -p'
oldincludedir='/usr/include'
pdfdir='${docdir}'
prefix='/usr/local'
program_transform_name='s,x,x,'
psdir='${docdir}'
sbindir='${exec_prefix}/sbin'
sharedstatedir='${prefix}/com'
sysconfdir='${prefix}/etc'
target_alias=''

## ----------- ##
## confdefs.h. ##
## ----------- ##

#define PACKAGE_NAME "HttpServer"
#define PACKAGE_TARNAME "httpserver"
#define PACKAGE_VERSION "0.1"
#define PACKAGE_STRING "HttpServer 0.1"
#define PACKAGE_BUGREPORT ""
#define PACKAGE "HttpServer"
#define VERSION "0.1"
#define STDC_HEADERS 1
#define HAVE_SYS_TYPES_H 1
#define HAVE_SYS_STAT_H 1
#define HAVE_STDLIB_H 1
#define HAVE_STRING_H 1
#define HAVE_MEMORY_H 1
#define HAVE_STRINGS_H 1
#define HAVE_INTTYPES_H 1
#define HAVE_STDINT_H 1
#define HAVE_UNISTD_H 1
#define HAVE_ARPA_INET_H 1
#define HAVE_FCNTL_H 1
#define HAVE_INTTYPES_H 1
#define HAVE_LIMITS_H 1
#define HAVE_NETDB_H 1
#define HAVE_NETINET_IN_H 1
#define HAVE_STDDEF_H 1
#define HAVE_STDLIB_H 1
#define HAVE_STRING_H 1
#define HAVE_SYS_SOCKET_H 1
#define HAVE_SYS_TIME_H 1
#define HAVE_UNISTD_H 1
#define HAVE_FORK 1
#define HAVE_VFORK 1
#define HAVE_WORKING_VFORK 1
#define HAVE_WORKING_FORK 1
#define HAVE_STDLIB_H 1
#define HAVE_MALLOC 1
#define HAVE_STDLIB_H 1
#define HAVE_UNISTD_H 1
#define HAVE_GETPAGESIZE 1
#define HAVE_MMAP 1
#define HAVE_DUP2 1
#define HAVE_GETCWD 1
#define HAVE_GETHOSTBYNAME 1
#define HAVE_INET_NTOA 1
#define HAVE_MEMCHR 1
#define HAVE_MEMMOVE 1
#define HAVE_MEMSET 1
#define HAVE_MKDIR 1
#define HAVE_MUNMAP 1
#define HAVE_RMDIR 1
#define HAVE_SELECT 1
#define HAVE_SOCKET 1
#define HAVE_STRCHR 1
#define HAVE_STRCSPN 1
#define HAVE_STRDUP 1
#define HAVE_STRERROR 1
#define HAVE_STRRCHR 1
#define HAVE_STRSPN 1

configure: exit 0
